\BOOKMARK [0][-]{chapter.1}{1\040Random\040Signals}{}% 1
\BOOKMARK [1][-]{section.1.1}{1.1\040Introduction\040to\040Random\040Signals}{chapter.1}% 2
\BOOKMARK [1][-]{section.1.2}{1.2\040Fundamental\040properties}{chapter.1}% 3
\BOOKMARK [2][-]{subsection.1.2.1}{1.2.1\040Stationnarity}{section.1.2}% 4
\BOOKMARK [2][-]{subsection.1.2.2}{1.2.2\040Ergodism}{section.1.2}% 5
\BOOKMARK [2][-]{subsection.1.2.3}{1.2.3\040Examples\040of\040random\040signals}{section.1.2}% 6
\BOOKMARK [2][-]{subsection.1.2.4}{1.2.4\040White\040noise}{section.1.2}% 7
\BOOKMARK [1][-]{section.1.3}{1.3\040Second\040order\040analysis}{chapter.1}% 8
\BOOKMARK [2][-]{subsection.1.3.1}{1.3.1\040Correlation\040functions}{section.1.3}% 9
\BOOKMARK [1][-]{section.1.4}{1.4\040Filtering}{chapter.1}% 10
\BOOKMARK [2][-]{subsection.1.4.1}{1.4.1\040General\040relations\040for\040cross-correlations}{section.1.4}% 11
\BOOKMARK [2][-]{subsection.1.4.2}{1.4.2\040By-products}{section.1.4}% 12
\BOOKMARK [2][-]{subsection.1.4.3}{1.4.3\040Examples}{section.1.4}% 13
\BOOKMARK [2][-]{subsection.1.4.4}{1.4.4\040Correlation\040matrix}{section.1.4}% 14
\BOOKMARK [2][-]{subsection.1.4.5}{1.4.5\040Identification\040of\040a\040filter\040by\040cross-correlation}{section.1.4}% 15
\BOOKMARK [1][-]{section.1.5}{1.5 Analyse dans le domaine fréquentiel}{chapter.1}% 16
\BOOKMARK [2][-]{subsection.1.5.1}{1.5.1 Notion de densité spectrale de Puissance}{section.1.5}% 17
\BOOKMARK [2][-]{subsection.1.5.2}{1.5.2\040Power\040spectrum\040estimation}{section.1.5}% 18
\BOOKMARK [1][-]{section.1.6}{1.6\040Applications}{chapter.1}% 19
\BOOKMARK [2][-]{subsection.1.6.1}{1.6.1\040Matched\040filter}{section.1.6}% 20
\BOOKMARK [2][-]{subsection.1.6.2}{1.6.2\040Wiener\040filtering}{section.1.6}% 21
